[Thu Jul 20 09:18:50 MDT 2023]: BRF Status 127
[Thu Jul 20 09:18:59 MDT 2023]: BRF Status 127
[Thu Jul 20 13:15:55 MDT 2023]: BRF Status 127
[Thu Jul 20 14:27:14 MDT 2023]: BRF Status 127
[Thu Jul 20 14:45:00 MDT 2023]: BRF Status 127
[Thu Jul 20 14:54:43 MDT 2023]: BRF Status 127
[Thu Jul 20 15:13:21 MDT 2023]: BRF Status 127
[Thu Jul 20 15:31:38 MDT 2023]: BRF Status 127
[Thu Jul 20 15:35:32 MDT 2023]: BRF Status 127
[Thu Jul 20 15:49:52 MDT 2023]: BRF Status 127
[Fri Jul 21 09:12:52 MDT 2023]: BRF Status 127
[Fri Jul 21 10:01:01 MDT 2023]: BRF Status 127
[Fri Jul 21 10:30:13 MDT 2023]: BRF Status 127
[Fri Jul 21 13:04:36 MDT 2023]: BRF Status 127
[Mon Jul 24 09:03:31 MDT 2023]: BRF Status 127
[Mon Jul 24 10:22:55 MDT 2023]: BRF Status 127
[Tue Jul 25 12:11:04 MDT 2023]: BRF Status 127
[Wed Jul 26 08:28:46 MDT 2023]: BRF Status 127
[Wed Jul 26 08:43:11 MDT 2023]: BRF Status 127
[Wed Jul 26 08:49:38 MDT 2023]: BRF Status 127
